<?xml version="1.0" encoding="UTF-8"?>
<testsuite xmlns:xsi="http://www.w3.org/2001/XMLSchema-instance" xsi:noNamespaceSchemaLocation="https://maven.apache.org/surefire/maven-surefire-plugin/xsd/surefire-test-report.xsd" name="ua.edu.sumdu.ta.zhurba.pr4.tests.Optional.LinkedTaskListTest" time="0.001" tests="3" errors="0" skipped="0" failures="0">
  <properties>
[...]
</properties>
  <testcase name="testAddMoreTasks" classname="ua.edu.sumdu.ta.zhurba.pr4.tests.Optional.LinkedTaskListTest" time="0"/>
  <testcase name="testAdd" classname="ua.edu.sumdu.ta.zhurba.pr4.tests.Optional.LinkedTaskListTest" time="0"/>
  <testcase name="testRemove" classname="ua.edu.sumdu.ta.zhurba.pr4.tests.Optional.LinkedTaskListTest" time="0"/>
</testsuite>